<?xml version="1.0" encoding="UTF-8"?>
<testsuite xmlns:xsi="http://www.w3.org/2001/XMLSchema-instance" xsi:noNamespaceSchemaLocation="https://maven.apache.org/surefire/maven-surefire-plugin/xsd/surefire-test-report-3.0.xsd" version="3.0" name="TestSuite" time="12.528" tests="18" errors="0" skipped="0" failures="10">
  <properties>
    <property name="gopherProxySet" value="false"/>
    <property name="awt.toolkit" value="sun.lwawt.macosx.LWCToolkit"/>
    <property name="java.specification.version" value="11"/>
    <property name="sun.cpu.isalist" value=""/>
    <property name="sun.jnu.encoding" value="UTF-8"/>
    <property name="java.class.path" value="/Users/yudhamaulanaahmad/Documents/yudha/krom/api-tests/target/test-classes:/Users/yudhamaulanaahmad/Documents/yudha/krom/api-tests/target/classes:/Users/yudhamaulanaahmad/.m2/repository/io/cucumber/cucumber-java/7.14.0/cucumber-java-7.14.0.jar:/Users/yudhamaulanaahmad/.m2/repository/io/cucumber/cucumber-core/7.14.0/cucumber-core-7.14.0.jar:/Users/yudhamaulanaahmad/.m2/repository/io/cucumber/cucumber-gherkin/7.14.0/cucumber-gherkin-7.14.0.jar:/Users/yudhamaulanaahmad/.m2/repository/io/cucumber/cucumber-gherkin-messages/7.14.0/cucumber-gherkin-messages-7.14.0.jar:/Users/yudhamaulanaahmad/.m2/repository/io/cucumber/gherkin/26.2.0/gherkin-26.2.0.jar:/Users/yudhamaulanaahmad/.m2/repository/io/cucumber/messages/22.0.0/messages-22.0.0.jar:/Users/yudhamaulanaahmad/.m2/repository/io/cucumber/tag-expressions/5.0.6/tag-expressions-5.0.6.jar:/Users/yudhamaulanaahmad/.m2/repository/io/cucumber/cucumber-expressions/16.1.2/cucumber-expressions-16.1.2.jar:/Users/yudhamaulanaahmad/.m2/repository/io/cucumber/datatable/7.14.0/datatable-7.14.0.jar:/Users/yudhamaulanaahmad/.m2/repository/io/cucumber/cucumber-plugin/7.14.0/cucumber-plugin-7.14.0.jar:/Users/yudhamaulanaahmad/.m2/repository/io/cucumber/docstring/7.14.0/docstring-7.14.0.jar:/Users/yudhamaulanaahmad/.m2/repository/io/cucumber/html-formatter/20.4.0/html-formatter-20.4.0.jar:/Users/yudhamaulanaahmad/.m2/repository/io/cucumber/junit-xml-formatter/0.2.0/junit-xml-formatter-0.2.0.jar:/Users/yudhamaulanaahmad/.m2/repository/io/cucumber/ci-environment/9.2.0/ci-environment-9.2.0.jar:/Users/yudhamaulanaahmad/.m2/repository/org/apiguardian/apiguardian-api/1.1.2/apiguardian-api-1.1.2.jar:/Users/yudhamaulanaahmad/.m2/repository/io/cucumber/cucumber-testng/7.14.0/cucumber-testng-7.14.0.jar:/Users/yudhamaulanaahmad/.m2/repository/io/cucumber/cucumber-picocontainer/7.14.0/cucumber-picocontainer-7.14.0.jar:/Users/yudhamaulanaahmad/.m2/repository/org/picocontainer/picocontainer/2.15/picocontainer-2.15.jar:/Users/yudhamaulanaahmad/.m2/repository/io/rest-assured/rest-assured/5.3.2/rest-assured-5.3.2.jar:/Users/yudhamaulanaahmad/.m2/repository/org/apache/groovy/groovy/4.0.11/groovy-4.0.11.jar:/Users/yudhamaulanaahmad/.m2/repository/org/apache/groovy/groovy-xml/4.0.11/groovy-xml-4.0.11.jar:/Users/yudhamaulanaahmad/.m2/repository/org/apache/httpcomponents/httpclient/4.5.13/httpclient-4.5.13.jar:/Users/yudhamaulanaahmad/.m2/repository/org/apache/httpcomponents/httpcore/4.4.13/httpcore-4.4.13.jar:/Users/yudhamaulanaahmad/.m2/repository/commons-logging/commons-logging/1.2/commons-logging-1.2.jar:/Users/yudhamaulanaahmad/.m2/repository/commons-codec/commons-codec/1.11/commons-codec-1.11.jar:/Users/yudhamaulanaahmad/.m2/repository/org/apache/httpcomponents/httpmime/4.5.13/httpmime-4.5.13.jar:/Users/yudhamaulanaahmad/.m2/repository/org/hamcrest/hamcrest/2.2/hamcrest-2.2.jar:/Users/yudhamaulanaahmad/.m2/repository/org/ccil/cowan/tagsoup/tagsoup/1.2.1/tagsoup-1.2.1.jar:/Users/yudhamaulanaahmad/.m2/repository/io/rest-assured/json-path/5.3.2/json-path-5.3.2.jar:/Users/yudhamaulanaahmad/.m2/repository/org/apache/groovy/groovy-json/4.0.11/groovy-json-4.0.11.jar:/Users/yudhamaulanaahmad/.m2/repository/io/rest-assured/rest-assured-common/5.3.2/rest-assured-common-5.3.2.jar:/Users/yudhamaulanaahmad/.m2/repository/io/rest-assured/xml-path/5.3.2/xml-path-5.3.2.jar:/Users/yudhamaulanaahmad/.m2/repository/org/apache/commons/commons-lang3/3.11/commons-lang3-3.11.jar:/Users/yudhamaulanaahmad/.m2/repository/org/testng/testng/7.8.0/testng-7.8.0.jar:/Users/yudhamaulanaahmad/.m2/repository/org/slf4j/slf4j-api/1.7.36/slf4j-api-1.7.36.jar:/Users/yudhamaulanaahmad/.m2/repository/com/beust/jcommander/1.82/jcommander-1.82.jar:/Users/yudhamaulanaahmad/.m2/repository/org/webjars/jquery/3.6.1/jquery-3.6.1.jar:/Users/yudhamaulanaahmad/.m2/repository/com/fasterxml/jackson/core/jackson-databind/2.15.2/jackson-databind-2.15.2.jar:/Users/yudhamaulanaahmad/.m2/repository/com/fasterxml/jackson/core/jackson-annotations/2.15.2/jackson-annotations-2.15.2.jar:/Users/yudhamaulanaahmad/.m2/repository/com/fasterxml/jackson/core/jackson-core/2.15.2/jackson-core-2.15.2.jar:/Users/yudhamaulanaahmad/.m2/repository/com/aventstack/extentreports/5.0.9/extentreports-5.0.9.jar:/Users/yudhamaulanaahmad/.m2/repository/io/reactivex/rxjava3/rxjava/3.0.4/rxjava-3.0.4.jar:/Users/yudhamaulanaahmad/.m2/repository/org/reactivestreams/reactive-streams/1.0.3/reactive-streams-1.0.3.jar:/Users/yudhamaulanaahmad/.m2/repository/org/freemarker/freemarker/2.3.30/freemarker-2.3.30.jar:/Users/yudhamaulanaahmad/.m2/repository/org/projectlombok/lombok/1.18.12/lombok-1.18.12.jar:/Users/yudhamaulanaahmad/.m2/repository/com/google/code/gson/gson/2.8.6/gson-2.8.6.jar:"/>
    <property name="java.vm.vendor" value="Oracle Corporation"/>
    <property name="sun.arch.data.model" value="64"/>
    <property name="java.vendor.url" value="https://openjdk.java.net/"/>
    <property name="user.timezone" value="Asia/Jakarta"/>
    <property name="java.vm.specification.version" value="11"/>
    <property name="os.name" value="Mac OS X"/>
    <property name="sun.java.launcher" value="SUN_STANDARD"/>
    <property name="user.country" value="ID"/>
    <property name="sun.boot.library.path" value="/Library/Java/JavaVirtualMachines/jdk-11.0.17.jdk/Contents/Home/lib"/>
    <property name="sun.java.command" value="/Users/yudhamaulanaahmad/Documents/yudha/krom/api-tests/target/surefire/surefirebooter-20250831193450206_8.jar /Users/yudhamaulanaahmad/Documents/yudha/krom/api-tests/target/surefire 2025-08-31T19-34-43_505-jvmRun1 surefire-20250831193450206_6tmp surefire_1-20250831193450206_7tmp"/>
    <property name="jdk.debug" value="release"/>
    <property name="surefire.test.class.path" value="/Users/yudhamaulanaahmad/Documents/yudha/krom/api-tests/target/test-classes:/Users/yudhamaulanaahmad/Documents/yudha/krom/api-tests/target/classes:/Users/yudhamaulanaahmad/.m2/repository/io/cucumber/cucumber-java/7.14.0/cucumber-java-7.14.0.jar:/Users/yudhamaulanaahmad/.m2/repository/io/cucumber/cucumber-core/7.14.0/cucumber-core-7.14.0.jar:/Users/yudhamaulanaahmad/.m2/repository/io/cucumber/cucumber-gherkin/7.14.0/cucumber-gherkin-7.14.0.jar:/Users/yudhamaulanaahmad/.m2/repository/io/cucumber/cucumber-gherkin-messages/7.14.0/cucumber-gherkin-messages-7.14.0.jar:/Users/yudhamaulanaahmad/.m2/repository/io/cucumber/gherkin/26.2.0/gherkin-26.2.0.jar:/Users/yudhamaulanaahmad/.m2/repository/io/cucumber/messages/22.0.0/messages-22.0.0.jar:/Users/yudhamaulanaahmad/.m2/repository/io/cucumber/tag-expressions/5.0.6/tag-expressions-5.0.6.jar:/Users/yudhamaulanaahmad/.m2/repository/io/cucumber/cucumber-expressions/16.1.2/cucumber-expressions-16.1.2.jar:/Users/yudhamaulanaahmad/.m2/repository/io/cucumber/datatable/7.14.0/datatable-7.14.0.jar:/Users/yudhamaulanaahmad/.m2/repository/io/cucumber/cucumber-plugin/7.14.0/cucumber-plugin-7.14.0.jar:/Users/yudhamaulanaahmad/.m2/repository/io/cucumber/docstring/7.14.0/docstring-7.14.0.jar:/Users/yudhamaulanaahmad/.m2/repository/io/cucumber/html-formatter/20.4.0/html-formatter-20.4.0.jar:/Users/yudhamaulanaahmad/.m2/repository/io/cucumber/junit-xml-formatter/0.2.0/junit-xml-formatter-0.2.0.jar:/Users/yudhamaulanaahmad/.m2/repository/io/cucumber/ci-environment/9.2.0/ci-environment-9.2.0.jar:/Users/yudhamaulanaahmad/.m2/repository/org/apiguardian/apiguardian-api/1.1.2/apiguardian-api-1.1.2.jar:/Users/yudhamaulanaahmad/.m2/repository/io/cucumber/cucumber-testng/7.14.0/cucumber-testng-7.14.0.jar:/Users/yudhamaulanaahmad/.m2/repository/io/cucumber/cucumber-picocontainer/7.14.0/cucumber-picocontainer-7.14.0.jar:/Users/yudhamaulanaahmad/.m2/repository/org/picocontainer/picocontainer/2.15/picocontainer-2.15.jar:/Users/yudhamaulanaahmad/.m2/repository/io/rest-assured/rest-assured/5.3.2/rest-assured-5.3.2.jar:/Users/yudhamaulanaahmad/.m2/repository/org/apache/groovy/groovy/4.0.11/groovy-4.0.11.jar:/Users/yudhamaulanaahmad/.m2/repository/org/apache/groovy/groovy-xml/4.0.11/groovy-xml-4.0.11.jar:/Users/yudhamaulanaahmad/.m2/repository/org/apache/httpcomponents/httpclient/4.5.13/httpclient-4.5.13.jar:/Users/yudhamaulanaahmad/.m2/repository/org/apache/httpcomponents/httpcore/4.4.13/httpcore-4.4.13.jar:/Users/yudhamaulanaahmad/.m2/repository/commons-logging/commons-logging/1.2/commons-logging-1.2.jar:/Users/yudhamaulanaahmad/.m2/repository/commons-codec/commons-codec/1.11/commons-codec-1.11.jar:/Users/yudhamaulanaahmad/.m2/repository/org/apache/httpcomponents/httpmime/4.5.13/httpmime-4.5.13.jar:/Users/yudhamaulanaahmad/.m2/repository/org/hamcrest/hamcrest/2.2/hamcrest-2.2.jar:/Users/yudhamaulanaahmad/.m2/repository/org/ccil/cowan/tagsoup/tagsoup/1.2.1/tagsoup-1.2.1.jar:/Users/yudhamaulanaahmad/.m2/repository/io/rest-assured/json-path/5.3.2/json-path-5.3.2.jar:/Users/yudhamaulanaahmad/.m2/repository/org/apache/groovy/groovy-json/4.0.11/groovy-json-4.0.11.jar:/Users/yudhamaulanaahmad/.m2/repository/io/rest-assured/rest-assured-common/5.3.2/rest-assured-common-5.3.2.jar:/Users/yudhamaulanaahmad/.m2/repository/io/rest-assured/xml-path/5.3.2/xml-path-5.3.2.jar:/Users/yudhamaulanaahmad/.m2/repository/org/apache/commons/commons-lang3/3.11/commons-lang3-3.11.jar:/Users/yudhamaulanaahmad/.m2/repository/org/testng/testng/7.8.0/testng-7.8.0.jar:/Users/yudhamaulanaahmad/.m2/repository/org/slf4j/slf4j-api/1.7.36/slf4j-api-1.7.36.jar:/Users/yudhamaulanaahmad/.m2/repository/com/beust/jcommander/1.82/jcommander-1.82.jar:/Users/yudhamaulanaahmad/.m2/repository/org/webjars/jquery/3.6.1/jquery-3.6.1.jar:/Users/yudhamaulanaahmad/.m2/repository/com/fasterxml/jackson/core/jackson-databind/2.15.2/jackson-databind-2.15.2.jar:/Users/yudhamaulanaahmad/.m2/repository/com/fasterxml/jackson/core/jackson-annotations/2.15.2/jackson-annotations-2.15.2.jar:/Users/yudhamaulanaahmad/.m2/repository/com/fasterxml/jackson/core/jackson-core/2.15.2/jackson-core-2.15.2.jar:/Users/yudhamaulanaahmad/.m2/repository/com/aventstack/extentreports/5.0.9/extentreports-5.0.9.jar:/Users/yudhamaulanaahmad/.m2/repository/io/reactivex/rxjava3/rxjava/3.0.4/rxjava-3.0.4.jar:/Users/yudhamaulanaahmad/.m2/repository/org/reactivestreams/reactive-streams/1.0.3/reactive-streams-1.0.3.jar:/Users/yudhamaulanaahmad/.m2/repository/org/freemarker/freemarker/2.3.30/freemarker-2.3.30.jar:/Users/yudhamaulanaahmad/.m2/repository/org/projectlombok/lombok/1.18.12/lombok-1.18.12.jar:/Users/yudhamaulanaahmad/.m2/repository/com/google/code/gson/gson/2.8.6/gson-2.8.6.jar:"/>
    <property name="sun.cpu.endian" value="little"/>
    <property name="user.home" value="/Users/yudhamaulanaahmad"/>
    <property name="user.language" value="en"/>
    <property name="java.specification.vendor" value="Oracle Corporation"/>
    <property name="java.version.date" value="2022-10-18"/>
    <property name="java.home" value="/Library/Java/JavaVirtualMachines/jdk-11.0.17.jdk/Contents/Home"/>
    <property name="file.separator" value="/"/>
    <property name="basedir" value="/Users/yudhamaulanaahmad/Documents/yudha/krom/api-tests"/>
    <property name="java.vm.compressedOopsMode" value="Zero based"/>
    <property name="line.separator" value="&#10;"/>
    <property name="java.specification.name" value="Java Platform API Specification"/>
    <property name="java.vm.specification.vendor" value="Oracle Corporation"/>
    <property name="java.awt.graphicsenv" value="sun.awt.CGraphicsEnvironment"/>
    <property name="surefire.real.class.path" value="/Users/yudhamaulanaahmad/Documents/yudha/krom/api-tests/target/surefire/surefirebooter-20250831193450206_8.jar"/>
    <property name="sun.management.compiler" value="HotSpot 64-Bit Tiered Compilers"/>
    <property name="java.runtime.version" value="11.0.17+10-LTS-269"/>
    <property name="user.name" value="yudhamaulanaahmad"/>
    <property name="path.separator" value=":"/>
    <property name="os.version" value="15.5"/>
    <property name="java.runtime.name" value="Java(TM) SE Runtime Environment"/>
    <property name="file.encoding" value="UTF-8"/>
    <property name="java.vm.name" value="Java HotSpot(TM) 64-Bit Server VM"/>
    <property name="java.vendor.version" value="18.9"/>
    <property name="localRepository" value="/Users/yudhamaulanaahmad/.m2/repository"/>
    <property name="java.vendor.url.bug" value="https://bugreport.java.com/bugreport/"/>
    <property name="java.io.tmpdir" value="/var/folders/fg/rxfy5xhx7n39s191h5frvzwc0000gn/T/"/>
    <property name="java.version" value="11.0.17"/>
    <property name="cucumber.filter.tags" value="@api"/>
    <property name="user.dir" value="/Users/yudhamaulanaahmad/Documents/yudha/krom/api-tests"/>
    <property name="os.arch" value="aarch64"/>
    <property name="java.vm.specification.name" value="Java Virtual Machine Specification"/>
    <property name="java.awt.printerjob" value="sun.lwawt.macosx.CPrinterJob"/>
    <property name="sun.os.patch.level" value="unknown"/>
    <property name="java.library.path" value="/Users/yudhamaulanaahmad/Library/Java/Extensions:/Library/Java/Extensions:/Network/Library/Java/Extensions:/System/Library/Java/Extensions:/usr/lib/java:."/>
    <property name="java.vendor" value="Oracle Corporation"/>
    <property name="java.vm.info" value="mixed mode"/>
    <property name="java.vm.version" value="11.0.17+10-LTS-269"/>
    <property name="sun.io.unicode.encoding" value="UnicodeBig"/>
    <property name="java.class.version" value="55.0"/>
  </properties>
  <testcase name="runScenario[&quot;Update pet with invalid ID&quot;, &quot;Pet Management API&quot;](3)" classname="runners.ApiTestRunner" time="2.14">
    <system-out><![CDATA[[INFO] [2025-08-31 19:34:50] Starting API Test Suite

@positive @pets @api
Scenario: Update an existing pet                                             # src/test/resources/features/pet_management.feature:26

@positive @pets @api
Scenario: Retrieve an existing pet by ID                                  # src/test/resources/features/pet_management.feature:18

@positive @pets @api
Scenario: Find pets by status                                              # src/test/resources/features/pet_management.feature:35

@negative @pets @api
Scenario: Update pet with invalid ID                                      # src/test/resources/features/pet_management.feature:58

@positive @pets @api
Scenario: Upload pet image                                                # src/test/resources/features/pet_management.feature:43

@negative @pets @api
Scenario: Find pets with invalid status                                         # src/test/resources/features/pet_management.feature:65

@negative @pets @api
Scenario: Delete non-existent pet                                         # src/test/resources/features/pet_management.feature:76

@negative @pets @api
Scenario: Retrieve non-existent pet                                       # src/test/resources/features/pet_management.feature:71

@negative @pets @api
Scenario: Create pet with invalid data                                    # src/test/resources/features/pet_management.feature:51

@positive @pets @api
Scenario: Create a new pet successfully                                     # src/test/resources/features/pet_management.feature:10
  Given the Petstore API is available at "https://petstore.swagger.io/v2"    # steps.CommonSteps.the_petstore_api_is_available_at(java.lang.String)
  Given the Petstore API is available at "https://petstore.swagger.io/v2"  # steps.CommonSteps.the_petstore_api_is_available_at(java.lang.String)
  Given the Petstore API is available at "https://petstore.swagger.io/v2" # steps.CommonSteps.the_petstore_api_is_available_at(java.lang.String)
  Given the Petstore API is available at "https://petstore.swagger.io/v2" # steps.CommonSteps.the_petstore_api_is_available_at(java.lang.String)
  Given the Petstore API is available at "https://petstore.swagger.io/v2" # steps.CommonSteps.the_petstore_api_is_available_at(java.lang.String)
  Given the Petstore API is available at "https://petstore.swagger.io/v2" # steps.CommonSteps.the_petstore_api_is_available_at(java.lang.String)
  Given the Petstore API is available at "https://petstore.swagger.io/v2" # steps.CommonSteps.the_petstore_api_is_available_at(java.lang.String)
  Given the Petstore API is available at "https://petstore.swagger.io/v2"       # steps.CommonSteps.the_petstore_api_is_available_at(java.lang.String)
  Given the Petstore API is available at "https://petstore.swagger.io/v2"   # steps.CommonSteps.the_petstore_api_is_available_at(java.lang.String)
  Given the Petstore API is available at "https://petstore.swagger.io/v2" # steps.CommonSteps.the_petstore_api_is_available_at(java.lang.String)
  Given I have an invalid pet payload with missing required fields        # steps.PetSteps.i_have_an_invalid_pet_payload_with_missing_required_fields()
  Given I have a valid pet payload with name "Buddy" and status "available" # steps.PetSteps.i_have_a_valid_pet_payload_with_name_and_status(java.lang.String,java.lang.String)
  Given I have a pet payload with invalid ID -1                           # steps.PetSteps.i_have_a_pet_payload_with_invalid_id(int)
  Given a pet with ID 1 exists in the store                               # steps.PetSteps.a_pet_with_id_exists_in_the_store(int)
  Given a pet with ID 1 exists in the store                               # steps.PetSteps.a_pet_with_id_exists_in_the_store(int)
  Given a pet with ID 1 exists in the store                                  # steps.PetSteps.a_pet_with_id_exists_in_the_store(int)
  And I have a valid image file                                           # steps.PetSteps.i_have_a_valid_image_file()
  And I have updated pet payload with name "Updated Buddy" and status "sold" # steps.PetSteps.i_have_updated_pet_payload_with_name_and_status(java.lang.String,java.lang.String)
  When I send a DELETE request to "/pet/999999" endpoint                  # steps.PetSteps.i_send_a_delete_request_to_endpoint(java.lang.String)
  When I send a GET request to "/pet/999999" endpoint                     # steps.PetSteps.i_send_a_get_request_to_endpoint(java.lang.String)
  When I send a PUT request to "/pet" endpoint                            # steps.PetSteps.i_send_a_put_request_to_endpoint(java.lang.String)
  When I send a POST request to "/pet" endpoint                           # steps.PetSteps.i_send_a_post_request_to_endpoint(java.lang.String)
  When I send a GET request to "/pet/findByStatus" with status "invalid_status" # steps.PetSteps.i_send_a_get_request_to_with_status(java.lang.String,java.lang.String)
  Then the response status code should be 200                             # steps.CommonSteps.the_response_status_code_should_be(int)
  And the response should contain validation error                        # steps.StoreOrderSteps.the_response_should_contain_validation_error()
  Then the response status code should be 200                             # steps.CommonSteps.the_response_status_code_should_be(int)
  Then the response status code should be 200                                   # steps.CommonSteps.the_response_status_code_should_be(int)
  And the response should contain validation error                        # steps.StoreOrderSteps.the_response_should_contain_validation_error()
  And the response should contain validation error for status                   # steps.PetSteps.validateStatusValidationError()
  When I send a POST request to "/pet" endpoint                             # steps.PetSteps.i_send_a_post_request_to_endpoint(java.lang.String)
  Then the response status code should be 200                               # steps.CommonSteps.the_response_status_code_should_be(int)
  And the response should contain pet name "Buddy"                          # steps.PetSteps.the_response_should_contain_pet_name(java.lang.String)
  And the pet should have a valid ID                                        # steps.PetSteps.the_pet_should_have_a_valid_id()
]]></system-out>
    <system-err><![CDATA[SLF4J: Failed to load class "org.slf4j.impl.StaticLoggerBinder".
SLF4J: Defaulting to no-operation (NOP) logger implementation
SLF4J: See http://www.slf4j.org/codes.html#StaticLoggerBinder for further details.
Aug 31, 2025 7:34:50 PM utils.LogManager info
INFO: [2025-08-31 19:34:50] Starting API Test Suite
]]></system-err>
  </testcase>
  <testcase name="runScenario[&quot;Create a new pet successfully&quot;, &quot;Pet Management API&quot;](3)" classname="runners.ApiTestRunner" time="2.141"/>
  <testcase name="runScenario[&quot;Find pets with invalid status&quot;, &quot;Pet Management API&quot;](3)" classname="runners.ApiTestRunner" time="2.141"/>
  <testcase name="runScenario[&quot;Create pet with invalid data&quot;, &quot;Pet Management API&quot;](4)" classname="runners.ApiTestRunner" time="2.141"/>
  <testcase name="runScenario[&quot;Delete non-existent pet&quot;, &quot;Pet Management API&quot;](6)" classname="runners.ApiTestRunner" time="0.009">
    <failure message="Expected status code: 404, but got: 200 expected [404] but found [200]" type="java.lang.AssertionError"><![CDATA[java.lang.AssertionError: Expected status code: 404, but got: 200 expected [404] but found [200]
	at org.testng.Assert.fail(Assert.java:111)
	at org.testng.Assert.failNotEquals(Assert.java:1578)
	at org.testng.Assert.assertEqualsImpl(Assert.java:150)
	at org.testng.Assert.assertEquals(Assert.java:132)
	at org.testng.Assert.assertEquals(Assert.java:1419)
	at org.testng.Assert.assertEquals(Assert.java:1383)
	at steps.CommonSteps.the_response_status_code_should_be(CommonSteps.java:54)
	at ✽.the response status code should be 404(file:///Users/yudhamaulanaahmad/Documents/yudha/krom/api-tests/src/test/resources/features/pet_management.feature:78)
]]></failure>
    <system-out><![CDATA[  Then the response status code should be 404                             # steps.CommonSteps.the_response_status_code_should_be(int)
      java.lang.AssertionError: Expected status code: 404, but got: 200 expected [404] but found [200]
	at org.testng.Assert.fail(Assert.java:111)
	at org.testng.Assert.failNotEquals(Assert.java:1578)
	at org.testng.Assert.assertEqualsImpl(Assert.java:150)
	at org.testng.Assert.assertEquals(Assert.java:132)
	at org.testng.Assert.assertEquals(Assert.java:1419)
	at org.testng.Assert.assertEquals(Assert.java:1383)
	at steps.CommonSteps.the_response_status_code_should_be(CommonSteps.java:54)
	at ✽.the response status code should be 404(file:///Users/yudhamaulanaahmad/Documents/yudha/krom/api-tests/src/test/resources/features/pet_management.feature:73)

  Then the response status code should be 404                             # steps.CommonSteps.the_response_status_code_should_be(int)
      java.lang.AssertionError: Expected status code: 404, but got: 200 expected [404] but found [200]
	at org.testng.Assert.fail(Assert.java:111)
	at org.testng.Assert.failNotEquals(Assert.java:1578)
	at org.testng.Assert.assertEqualsImpl(Assert.java:150)
	at org.testng.Assert.assertEquals(Assert.java:132)
	at org.testng.Assert.assertEquals(Assert.java:1419)
	at org.testng.Assert.assertEquals(Assert.java:1383)
	at steps.CommonSteps.the_response_status_code_should_be(CommonSteps.java:54)
	at ✽.the response status code should be 404(file:///Users/yudhamaulanaahmad/Documents/yudha/krom/api-tests/src/test/resources/features/pet_management.feature:78)

]]></system-out>
  </testcase>
  <testcase name="runScenario[&quot;Retrieve non-existent pet&quot;, &quot;Pet Management API&quot;](6)" classname="runners.ApiTestRunner" time="0.0">
    <failure message="Expected status code: 404, but got: 200 expected [404] but found [200]" type="java.lang.AssertionError"><![CDATA[java.lang.AssertionError: Expected status code: 404, but got: 200 expected [404] but found [200]
	at org.testng.Assert.fail(Assert.java:111)
	at org.testng.Assert.failNotEquals(Assert.java:1578)
	at org.testng.Assert.assertEqualsImpl(Assert.java:150)
	at org.testng.Assert.assertEquals(Assert.java:132)
	at org.testng.Assert.assertEquals(Assert.java:1419)
	at org.testng.Assert.assertEquals(Assert.java:1383)
	at steps.CommonSteps.the_response_status_code_should_be(CommonSteps.java:54)
	at ✽.the response status code should be 404(file:///Users/yudhamaulanaahmad/Documents/yudha/krom/api-tests/src/test/resources/features/pet_management.feature:73)
]]></failure>
  </testcase>
  <testcase name="runScenario[&quot;Retrieve non-existent order&quot;, &quot;Store Order Management API&quot;](7)" classname="runners.ApiTestRunner" time="0.014">
    <failure message="&quot;I send a GET request to &quot;/store/order/999999&quot; endpoint&quot; matches more than one step definition:&#10;  &quot;I send a GET request to {string} endpoint&quot; in steps.PetSteps.i_send_a_get_request_to_endpoint(java.lang.String)&#10;  &quot;^I send a GET request to &quot;/store/order/(\d+)&quot; endpoint$&quot; in steps.StoreOrderSteps.i_send_a_get_request_to_store_order_by_id_endpoint(int)" type="io.cucumber.core.runner.AmbiguousStepDefinitionsException"><![CDATA[io.cucumber.core.runner.AmbiguousStepDefinitionsException: 
"I send a GET request to "/store/order/999999" endpoint" matches more than one step definition:
  "I send a GET request to {string} endpoint" in steps.PetSteps.i_send_a_get_request_to_endpoint(java.lang.String)
  "^I send a GET request to "/store/order/(\d+)" endpoint$" in steps.StoreOrderSteps.i_send_a_get_request_to_store_order_by_id_endpoint(int)
	at io.cucumber.core.runner.CachingGlue.findStepDefinitionMatch(CachingGlue.java:406)
	at io.cucumber.core.runner.CachingGlue.stepDefinitionMatch(CachingGlue.java:374)
	at io.cucumber.core.runner.Runner.matchStepToStepDefinition(Runner.java:183)
	at io.cucumber.core.runner.Runner.createTestStepsForPickleSteps(Runner.java:163)
	at io.cucumber.core.runner.Runner.createTestCaseForPickle(Runner.java:146)
	at io.cucumber.core.runner.Runner.runPickle(Runner.java:74)
	at io.cucumber.testng.TestNGCucumberRunner.lambda$runScenario$1(TestNGCucumberRunner.java:132)
	at io.cucumber.core.runtime.CucumberExecutionContext.lambda$runTestCase$5(CucumberExecutionContext.java:137)
	at io.cucumber.core.runtime.RethrowingThrowableCollector.executeAndThrow(RethrowingThrowableCollector.java:23)
	at io.cucumber.core.runtime.CucumberExecutionContext.runTestCase(CucumberExecutionContext.java:137)
	at io.cucumber.testng.TestNGCucumberRunner.runScenario(TestNGCucumberRunner.java:129)
	at io.cucumber.testng.AbstractTestNGCucumberTests.runScenario(AbstractTestNGCucumberTests.java:35)
	at java.base/jdk.internal.reflect.NativeMethodAccessorImpl.invoke0(Native Method)
	at java.base/jdk.internal.reflect.NativeMethodAccessorImpl.invoke(NativeMethodAccessorImpl.java:62)
	at java.base/jdk.internal.reflect.DelegatingMethodAccessorImpl.invoke(DelegatingMethodAccessorImpl.java:43)
	at java.base/java.lang.reflect.Method.invoke(Method.java:566)
	at org.testng.internal.invokers.MethodInvocationHelper.invokeMethod(MethodInvocationHelper.java:139)
	at org.testng.internal.invokers.TestInvoker.invokeMethod(TestInvoker.java:664)
	at org.testng.internal.invokers.TestInvoker.invokeTestMethod(TestInvoker.java:227)
	at org.testng.internal.invokers.TestMethodWithDataProviderMethodWorker.call(TestMethodWithDataProviderMethodWorker.java:80)
	at org.testng.internal.invokers.TestMethodWithDataProviderMethodWorker.call(TestMethodWithDataProviderMethodWorker.java:17)
	at java.base/java.util.concurrent.FutureTask.run(FutureTask.java:264)
	at java.base/java.util.concurrent.Executors$RunnableAdapter.call(Executors.java:515)
	at java.base/java.util.concurrent.FutureTask.run(FutureTask.java:264)
	at java.base/java.util.concurrent.ThreadPoolExecutor.runWorker(ThreadPoolExecutor.java:1128)
	at java.base/java.util.concurrent.ThreadPoolExecutor$Worker.run(ThreadPoolExecutor.java:628)
	at java.base/java.lang.Thread.run(Thread.java:834)
]]></failure>
    <system-out><![CDATA[
@negative @orders @api
Scenario: Place order with invalid pet ID                                 # src/test/resources/features/store_orders.feature:34
  Given the Petstore API is available at "https://petstore.swagger.io/v2" # steps.CommonSteps.the_petstore_api_is_available_at(java.lang.String)

@positive @orders @api
Scenario: Get store inventory                                             # src/test/resources/features/store_orders.feature:27
  Given I have an order payload with invalid pet ID -1                    # steps.StoreOrderSteps.i_have_an_order_payload_with_invalid_pet_id(int)

@positive @orders @api
Scenario: Place a new order successfully                                  # src/test/resources/features/store_orders.feature:10
  Given the Petstore API is available at "https://petstore.swagger.io/v2" # steps.CommonSteps.the_petstore_api_is_available_at(java.lang.String)
  Given the Petstore API is available at "https://petstore.swagger.io/v2" # steps.CommonSteps.the_petstore_api_is_available_at(java.lang.String)
  Given I have a valid order payload for pet ID 1 with quantity 2         # steps.StoreOrderSteps.i_have_a_valid_order_payload_for_pet_id_with_quantity(int,int)

@negative @orders @api
Scenario: Place order with missing required fields                        # src/test/resources/features/store_orders.feature:41
  Given the Petstore API is available at "https://petstore.swagger.io/v2" # steps.CommonSteps.the_petstore_api_is_available_at(java.lang.String)

@negative @orders @api
Scenario: Retrieve non-existent order                                     # src/test/resources/features/store_orders.feature:48
  Given the Petstore API is available at "https://petstore.swagger.io/v2" # steps.CommonSteps.the_petstore_api_is_available_at(java.lang.String)
  When I send a GET request to "/store/order/999999" endpoint
      io.cucumber.core.runner.AmbiguousStepDefinitionsException: "I send a GET request to "/store/order/999999" endpoint" matches more than one step definition:
  "I send a GET request to {string} endpoint" in steps.PetSteps.i_send_a_get_request_to_endpoint(java.lang.String)
  "^I send a GET request to "/store/order/(\d+)" endpoint$" in steps.StoreOrderSteps.i_send_a_get_request_to_store_order_by_id_endpoint(int)
	at io.cucumber.core.runner.CachingGlue.findStepDefinitionMatch(CachingGlue.java:406)
	at io.cucumber.core.runner.CachingGlue.stepDefinitionMatch(CachingGlue.java:374)
	at io.cucumber.core.runner.Runner.matchStepToStepDefinition(Runner.java:183)
	at io.cucumber.core.runner.Runner.createTestStepsForPickleSteps(Runner.java:163)
	at io.cucumber.core.runner.Runner.createTestCaseForPickle(Runner.java:146)
	at io.cucumber.core.runner.Runner.runPickle(Runner.java:74)
	at io.cucumber.testng.TestNGCucumberRunner.lambda$runScenario$1(TestNGCucumberRunner.java:132)
	at io.cucumber.core.runtime.CucumberExecutionContext.lambda$runTestCase$5(CucumberExecutionContext.java:137)
	at io.cucumber.core.runtime.RethrowingThrowableCollector.executeAndThrow(RethrowingThrowableCollector.java:23)
	at io.cucumber.core.runtime.CucumberExecutionContext.runTestCase(CucumberExecutionContext.java:137)
	at io.cucumber.testng.TestNGCucumberRunner.runScenario(TestNGCucumberRunner.java:129)
	at io.cucumber.testng.AbstractTestNGCucumberTests.runScenario(AbstractTestNGCucumberTests.java:35)
	at java.base/jdk.internal.reflect.NativeMethodAccessorImpl.invoke0(Native Method)
	at java.base/jdk.internal.reflect.NativeMethodAccessorImpl.invoke(NativeMethodAccessorImpl.java:62)
	at java.base/jdk.internal.reflect.DelegatingMethodAccessorImpl.invoke(DelegatingMethodAccessorImpl.java:43)
	at java.base/java.lang.reflect.Method.invoke(Method.java:566)
	at org.testng.internal.invokers.MethodInvocationHelper.invokeMethod(MethodInvocationHelper.java:139)
	at org.testng.internal.invokers.TestInvoker.invokeMethod(TestInvoker.java:664)
	at org.testng.internal.invokers.TestInvoker.invokeTestMethod(TestInvoker.java:227)
	at org.testng.internal.invokers.TestMethodWithDataProviderMethodWorker.call(TestMethodWithDataProviderMethodWorker.java:80)
	at org.testng.internal.invokers.TestMethodWithDataProviderMethodWorker.call(TestMethodWithDataProviderMethodWorker.java:17)
	at java.base/java.util.concurrent.FutureTask.run(FutureTask.java:264)
	at java.base/java.util.concurrent.Executors$RunnableAdapter.call(Executors.java:515)
	at java.base/java.util.concurrent.FutureTask.run(FutureTask.java:264)
	at java.base/java.util.concurrent.ThreadPoolExecutor.runWorker(ThreadPoolExecutor.java:1128)
	at java.base/java.util.concurrent.ThreadPoolExecutor$Worker.run(ThreadPoolExecutor.java:628)
	at java.base/java.lang.Thread.run(Thread.java:834)

  Given I have an incomplete order payload missing pet ID                 # steps.StoreOrderSteps.i_have_an_incomplete_order_payload_missing_pet_id()
  Then the response status code should be 404                             # steps.CommonSteps.the_response_status_code_should_be(int)

@positive @orders @api
Scenario: Retrieve order by ID                                            # src/test/resources/features/store_orders.feature:19
  Given the Petstore API is available at "https://petstore.swagger.io/v2" # steps.CommonSteps.the_petstore_api_is_available_at(java.lang.String)
]]></system-out>
  </testcase>
  <testcase name="runScenario[&quot;Delete non-existent order&quot;, &quot;Store Order Management API&quot;](8)" classname="runners.ApiTestRunner" time="0.002">
    <failure message="&quot;I send a DELETE request to &quot;/store/order/999999&quot; endpoint&quot; matches more than one step definition:&#10;  &quot;I send a DELETE request to {string} endpoint&quot; in steps.PetSteps.i_send_a_delete_request_to_endpoint(java.lang.String)&#10;  &quot;^I send a DELETE request to &quot;/store/order/(\d+)&quot; endpoint$&quot; in steps.StoreOrderSteps.i_send_a_delete_request_to_store_order_by_id_endpoint(int)" type="io.cucumber.core.runner.AmbiguousStepDefinitionsException"><![CDATA[io.cucumber.core.runner.AmbiguousStepDefinitionsException: 
"I send a DELETE request to "/store/order/999999" endpoint" matches more than one step definition:
  "I send a DELETE request to {string} endpoint" in steps.PetSteps.i_send_a_delete_request_to_endpoint(java.lang.String)
  "^I send a DELETE request to "/store/order/(\d+)" endpoint$" in steps.StoreOrderSteps.i_send_a_delete_request_to_store_order_by_id_endpoint(int)
	at io.cucumber.core.runner.CachingGlue.findStepDefinitionMatch(CachingGlue.java:406)
	at io.cucumber.core.runner.CachingGlue.stepDefinitionMatch(CachingGlue.java:374)
	at io.cucumber.core.runner.Runner.matchStepToStepDefinition(Runner.java:183)
	at io.cucumber.core.runner.Runner.createTestStepsForPickleSteps(Runner.java:163)
	at io.cucumber.core.runner.Runner.createTestCaseForPickle(Runner.java:146)
	at io.cucumber.core.runner.Runner.runPickle(Runner.java:74)
	at io.cucumber.testng.TestNGCucumberRunner.lambda$runScenario$1(TestNGCucumberRunner.java:132)
	at io.cucumber.core.runtime.CucumberExecutionContext.lambda$runTestCase$5(CucumberExecutionContext.java:137)
	at io.cucumber.core.runtime.RethrowingThrowableCollector.executeAndThrow(RethrowingThrowableCollector.java:23)
	at io.cucumber.core.runtime.CucumberExecutionContext.runTestCase(CucumberExecutionContext.java:137)
	at io.cucumber.testng.TestNGCucumberRunner.runScenario(TestNGCucumberRunner.java:129)
	at io.cucumber.testng.AbstractTestNGCucumberTests.runScenario(AbstractTestNGCucumberTests.java:35)
	at java.base/jdk.internal.reflect.NativeMethodAccessorImpl.invoke0(Native Method)
	at java.base/jdk.internal.reflect.NativeMethodAccessorImpl.invoke(NativeMethodAccessorImpl.java:62)
	at java.base/jdk.internal.reflect.DelegatingMethodAccessorImpl.invoke(DelegatingMethodAccessorImpl.java:43)
	at java.base/java.lang.reflect.Method.invoke(Method.java:566)
	at org.testng.internal.invokers.MethodInvocationHelper.invokeMethod(MethodInvocationHelper.java:139)
	at org.testng.internal.invokers.TestInvoker.invokeMethod(TestInvoker.java:664)
	at org.testng.internal.invokers.TestInvoker.invokeTestMethod(TestInvoker.java:227)
	at org.testng.internal.invokers.TestMethodWithDataProviderMethodWorker.call(TestMethodWithDataProviderMethodWorker.java:80)
	at org.testng.internal.invokers.TestMethodWithDataProviderMethodWorker.call(TestMethodWithDataProviderMethodWorker.java:17)
	at java.base/java.util.concurrent.FutureTask.run(FutureTask.java:264)
	at java.base/java.util.concurrent.Executors$RunnableAdapter.call(Executors.java:515)
	at java.base/java.util.concurrent.FutureTask.run(FutureTask.java:264)
	at java.base/java.util.concurrent.ThreadPoolExecutor.runWorker(ThreadPoolExecutor.java:1128)
	at java.base/java.util.concurrent.ThreadPoolExecutor$Worker.run(ThreadPoolExecutor.java:628)
	at java.base/java.lang.Thread.run(Thread.java:834)
]]></failure>
    <system-out><![CDATA[
@negative @orders @api
Scenario: Delete non-existent order                                       # src/test/resources/features/store_orders.feature:53
  Given the Petstore API is available at "https://petstore.swagger.io/v2" # steps.CommonSteps.the_petstore_api_is_available_at(java.lang.String)
  When I send a DELETE request to "/store/order/999999" endpoint
      io.cucumber.core.runner.AmbiguousStepDefinitionsException: "I send a DELETE request to "/store/order/999999" endpoint" matches more than one step definition:
  "I send a DELETE request to {string} endpoint" in steps.PetSteps.i_send_a_delete_request_to_endpoint(java.lang.String)
  "^I send a DELETE request to "/store/order/(\d+)" endpoint$" in steps.StoreOrderSteps.i_send_a_delete_request_to_store_order_by_id_endpoint(int)
	at io.cucumber.core.runner.CachingGlue.findStepDefinitionMatch(CachingGlue.java:406)
	at io.cucumber.core.runner.CachingGlue.stepDefinitionMatch(CachingGlue.java:374)
	at io.cucumber.core.runner.Runner.matchStepToStepDefinition(Runner.java:183)
	at io.cucumber.core.runner.Runner.createTestStepsForPickleSteps(Runner.java:163)
	at io.cucumber.core.runner.Runner.createTestCaseForPickle(Runner.java:146)
	at io.cucumber.core.runner.Runner.runPickle(Runner.java:74)
	at io.cucumber.testng.TestNGCucumberRunner.lambda$runScenario$1(TestNGCucumberRunner.java:132)
	at io.cucumber.core.runtime.CucumberExecutionContext.lambda$runTestCase$5(CucumberExecutionContext.java:137)
	at io.cucumber.core.runtime.RethrowingThrowableCollector.executeAndThrow(RethrowingThrowableCollector.java:23)
	at io.cucumber.core.runtime.CucumberExecutionContext.runTestCase(CucumberExecutionContext.java:137)
	at io.cucumber.testng.TestNGCucumberRunner.runScenario(TestNGCucumberRunner.java:129)
	at io.cucumber.testng.AbstractTestNGCucumberTests.runScenario(AbstractTestNGCucumberTests.java:35)
	at java.base/jdk.internal.reflect.NativeMethodAccessorImpl.invoke0(Native Method)
	at java.base/jdk.internal.reflect.NativeMethodAccessorImpl.invoke(NativeMethodAccessorImpl.java:62)
	at java.base/jdk.internal.reflect.DelegatingMethodAccessorImpl.invoke(DelegatingMethodAccessorImpl.java:43)
	at java.base/java.lang.reflect.Method.invoke(Method.java:566)
	at org.testng.internal.invokers.MethodInvocationHelper.invokeMethod(MethodInvocationHelper.java:139)
	at org.testng.internal.invokers.TestInvoker.invokeMethod(TestInvoker.java:664)
	at org.testng.internal.invokers.TestInvoker.invokeTestMethod(TestInvoker.java:227)
	at org.testng.internal.invokers.TestMethodWithDataProviderMethodWorker.call(TestMethodWithDataProviderMethodWorker.java:80)
	at org.testng.internal.invokers.TestMethodWithDataProviderMethodWorker.call(TestMethodWithDataProviderMethodWorker.java:17)
	at java.base/java.util.concurrent.FutureTask.run(FutureTask.java:264)
	at java.base/java.util.concurrent.Executors$RunnableAdapter.call(Executors.java:515)
	at java.base/java.util.concurrent.FutureTask.run(FutureTask.java:264)
	at java.base/java.util.concurrent.ThreadPoolExecutor.runWorker(ThreadPoolExecutor.java:1128)
	at java.base/java.util.concurrent.ThreadPoolExecutor$Worker.run(ThreadPoolExecutor.java:628)
	at java.base/java.lang.Thread.run(Thread.java:834)

  Then the response status code should be 404                             # steps.CommonSteps.the_response_status_code_should_be(int)
]]></system-out>
  </testcase>
  <testcase name="runScenario[&quot;Retrieve an existing pet by ID&quot;, &quot;Pet Management API&quot;](9)" classname="runners.ApiTestRunner" time="1.28">
    <failure message="Expected status code: 200, but got: 400 expected [200] but found [400]" type="java.lang.AssertionError"><![CDATA[java.lang.AssertionError: Expected status code: 200, but got: 400 expected [200] but found [400]
	at org.testng.Assert.fail(Assert.java:111)
	at org.testng.Assert.failNotEquals(Assert.java:1578)
	at org.testng.Assert.assertEqualsImpl(Assert.java:150)
	at org.testng.Assert.assertEquals(Assert.java:132)
	at org.testng.Assert.assertEquals(Assert.java:1419)
	at org.testng.Assert.assertEquals(Assert.java:1383)
	at steps.CommonSteps.the_response_status_code_should_be(CommonSteps.java:54)
	at ✽.the response status code should be 200(file:///Users/yudhamaulanaahmad/Documents/yudha/krom/api-tests/src/test/resources/features/pet_management.feature:21)
]]></failure>
    <system-out><![CDATA[
@negative @orders @api
Scenario: Place order with missing required fields                        # src/test/resources/features/store_orders.feature:58
  Given the Petstore API is available at "https://petstore.swagger.io/v2" # steps.CommonSteps.the_petstore_api_is_available_at(java.lang.String)
  Given I have an incomplete order payload missing pet ID                 # steps.StoreOrderSteps.i_have_an_incomplete_order_payload_missing_pet_id()
  Given an order with ID 1 exists in the store                            # steps.StoreOrderSteps.an_order_with_id_exists_in_the_store(int)
  When I send a POST request to "/store/order" endpoint                   # steps.PetSteps.i_send_a_post_request_to_endpoint(java.lang.String)
  When I send a GET request to "/pet/1" endpoint                          # steps.PetSteps.i_send_a_get_request_to_endpoint(java.lang.String)
  When I send a PUT request to "/pet" endpoint                               # steps.PetSteps.i_send_a_put_request_to_endpoint(java.lang.String)
  Then the response status code should be 200                             # steps.CommonSteps.the_response_status_code_should_be(int)
  When I send a POST request to "/store/order" endpoint                   # steps.PetSteps.i_send_a_post_request_to_endpoint(java.lang.String)
  Then the response status code should be 200                                # steps.CommonSteps.the_response_status_code_should_be(int)
      java.lang.AssertionError: Expected status code: 200, but got: 400 expected [200] but found [400]
	at org.testng.Assert.fail(Assert.java:111)
	at org.testng.Assert.failNotEquals(Assert.java:1578)
	at org.testng.Assert.assertEqualsImpl(Assert.java:150)
	at org.testng.Assert.assertEquals(Assert.java:132)
	at org.testng.Assert.assertEquals(Assert.java:1419)
	at org.testng.Assert.assertEquals(Assert.java:1383)
	at steps.CommonSteps.the_response_status_code_should_be(CommonSteps.java:54)
	at ✽.the response status code should be 200(file:///Users/yudhamaulanaahmad/Documents/yudha/krom/api-tests/src/test/resources/features/pet_management.feature:30)

  When I send a GET request to "/store/order/1" endpoint
      io.cucumber.core.runner.AmbiguousStepDefinitionsException: "I send a GET request to "/store/order/1" endpoint" matches more than one step definition:
  "I send a GET request to {string} endpoint" in steps.PetSteps.i_send_a_get_request_to_endpoint(java.lang.String)
  "^I send a GET request to "/store/order/(\d+)" endpoint$" in steps.StoreOrderSteps.i_send_a_get_request_to_store_order_by_id_endpoint(int)
	at io.cucumber.core.runner.CachingGlue.findStepDefinitionMatch(CachingGlue.java:406)
	at io.cucumber.core.runner.CachingGlue.stepDefinitionMatch(CachingGlue.java:374)
	at io.cucumber.core.runner.Runner.matchStepToStepDefinition(Runner.java:183)
	at io.cucumber.core.runner.Runner.createTestStepsForPickleSteps(Runner.java:163)
	at io.cucumber.core.runner.Runner.createTestCaseForPickle(Runner.java:146)
	at io.cucumber.core.runner.Runner.runPickle(Runner.java:74)
	at io.cucumber.testng.TestNGCucumberRunner.lambda$runScenario$1(TestNGCucumberRunner.java:132)
	at io.cucumber.core.runtime.CucumberExecutionContext.lambda$runTestCase$5(CucumberExecutionContext.java:137)
	at io.cucumber.core.runtime.RethrowingThrowableCollector.executeAndThrow(RethrowingThrowableCollector.java:23)
	at io.cucumber.core.runtime.CucumberExecutionContext.runTestCase(CucumberExecutionContext.java:137)
	at io.cucumber.testng.TestNGCucumberRunner.runScenario(TestNGCucumberRunner.java:129)
	at io.cucumber.testng.AbstractTestNGCucumberTests.runScenario(AbstractTestNGCucumberTests.java:35)
	at java.base/jdk.internal.reflect.NativeMethodAccessorImpl.invoke0(Native Method)
	at java.base/jdk.internal.reflect.NativeMethodAccessorImpl.invoke(NativeMethodAccessorImpl.java:62)
	at java.base/jdk.internal.reflect.DelegatingMethodAccessorImpl.invoke(DelegatingMethodAccessorImpl.java:43)
	at java.base/java.lang.reflect.Method.invoke(Method.java:566)
	at org.testng.internal.invokers.MethodInvocationHelper.invokeMethod(MethodInvocationHelper.java:139)
	at org.testng.internal.invokers.TestInvoker.invokeMethod(TestInvoker.java:664)
	at org.testng.internal.invokers.TestInvoker.invokeTestMethod(TestInvoker.java:227)
	at org.testng.internal.invokers.TestMethodWithDataProviderMethodWorker.call(TestMethodWithDataProviderMethodWorker.java:80)
	at org.testng.internal.invokers.TestMethodWithDataProviderMethodWorker.call(TestMethodWithDataProviderMethodWorker.java:17)
	at java.base/java.util.concurrent.FutureTask.run(FutureTask.java:264)
	at java.base/java.util.concurrent.Executors$RunnableAdapter.call(Executors.java:515)
	at java.base/java.util.concurrent.FutureTask.run(FutureTask.java:264)
	at java.base/java.util.concurrent.ThreadPoolExecutor.runWorker(ThreadPoolExecutor.java:1128)
	at java.base/java.util.concurrent.ThreadPoolExecutor$Worker.run(ThreadPoolExecutor.java:628)
	at java.base/java.lang.Thread.run(Thread.java:834)

  Then the response status code should be 200                             # steps.CommonSteps.the_response_status_code_should_be(int)
      java.lang.AssertionError: Expected status code: 200, but got: 400 expected [200] but found [400]
	at org.testng.Assert.fail(Assert.java:111)
	at org.testng.Assert.failNotEquals(Assert.java:1578)
	at org.testng.Assert.assertEqualsImpl(Assert.java:150)
	at org.testng.Assert.assertEquals(Assert.java:132)
	at org.testng.Assert.assertEquals(Assert.java:1419)
	at org.testng.Assert.assertEquals(Assert.java:1383)
	at steps.CommonSteps.the_response_status_code_should_be(CommonSteps.java:54)
	at ✽.the response status code should be 200(file:///Users/yudhamaulanaahmad/Documents/yudha/krom/api-tests/src/test/resources/features/pet_management.feature:21)

  And the response should contain pet name "Updated Buddy"                   # steps.PetSteps.the_response_should_contain_pet_name(java.lang.String)
  And the response should contain status "sold"                              # steps.PetSteps.the_response_should_contain_status(java.lang.String)
  And the response should contain pet details                             # steps.PetSteps.the_response_should_contain_pet_details()
  And the response should have valid pet schema                           # steps.PetSteps.the_response_should_have_valid_pet_schema()
  Then the response status code should be 200                             # steps.CommonSteps.the_response_status_code_should_be(int)
      java.lang.AssertionError: Expected status code: 200, but got: 400 expected [200] but found [400]
	at org.testng.Assert.fail(Assert.java:111)
	at org.testng.Assert.failNotEquals(Assert.java:1578)
	at org.testng.Assert.assertEqualsImpl(Assert.java:150)
	at org.testng.Assert.assertEquals(Assert.java:132)
	at org.testng.Assert.assertEquals(Assert.java:1419)
	at org.testng.Assert.assertEquals(Assert.java:1383)
	at steps.CommonSteps.the_response_status_code_should_be(CommonSteps.java:54)
	at ✽.the response status code should be 200(file:///Users/yudhamaulanaahmad/Documents/yudha/krom/api-tests/src/test/resources/features/store_orders.feature:13)

]]></system-out>
    <system-err><![CDATA[Aug 31, 2025 7:34:54 PM org.apache.http.impl.client.DefaultHttpClient tryExecute
INFO: I/O exception (java.io.FileNotFoundException) caught when processing request to {s}->https://petstore.swagger.io:443: src/test/resources/test-image.jpg (No such file or directory)
Aug 31, 2025 7:34:54 PM org.apache.http.impl.client.DefaultHttpClient tryExecute
INFO: Retrying request to {s}->https://petstore.swagger.io:443
]]></system-err>
  </testcase>
  <testcase name="runScenario[&quot;Update an existing pet&quot;, &quot;Pet Management API&quot;](10)" classname="runners.ApiTestRunner" time="1.282">
    <failure message="Expected status code: 200, but got: 400 expected [200] but found [400]" type="java.lang.AssertionError"><![CDATA[java.lang.AssertionError: Expected status code: 200, but got: 400 expected [200] but found [400]
	at org.testng.Assert.fail(Assert.java:111)
	at org.testng.Assert.failNotEquals(Assert.java:1578)
	at org.testng.Assert.assertEqualsImpl(Assert.java:150)
	at org.testng.Assert.assertEquals(Assert.java:132)
	at org.testng.Assert.assertEquals(Assert.java:1419)
	at org.testng.Assert.assertEquals(Assert.java:1383)
	at steps.CommonSteps.the_response_status_code_should_be(CommonSteps.java:54)
	at ✽.the response status code should be 200(file:///Users/yudhamaulanaahmad/Documents/yudha/krom/api-tests/src/test/resources/features/pet_management.feature:30)
]]></failure>
    <system-out><![CDATA[  When I send a POST request to "/store/order" endpoint                   # steps.PetSteps.i_send_a_post_request_to_endpoint(java.lang.String)
  Then the response status code should be 200                             # steps.CommonSteps.the_response_status_code_should_be(int)
  Then the response status code should be 400                             # steps.CommonSteps.the_response_status_code_should_be(int)
  And the response should contain order details                           # steps.StoreOrderSteps.the_response_should_contain_order_details()
  And the response should have valid order schema                         # steps.StoreOrderSteps.the_response_should_have_valid_order_schema()
  And the response should contain order details                           # steps.StoreOrderSteps.the_response_should_contain_order_details()
]]></system-out>
  </testcase>
  <testcase name="runScenario[&quot;Retrieve order by ID&quot;, &quot;Store Order Management API&quot;](11)" classname="runners.ApiTestRunner" time="1.283">
    <failure message="&quot;I send a GET request to &quot;/store/order/1&quot; endpoint&quot; matches more than one step definition:&#10;  &quot;I send a GET request to {string} endpoint&quot; in steps.PetSteps.i_send_a_get_request_to_endpoint(java.lang.String)&#10;  &quot;^I send a GET request to &quot;/store/order/(\d+)&quot; endpoint$&quot; in steps.StoreOrderSteps.i_send_a_get_request_to_store_order_by_id_endpoint(int)" type="io.cucumber.core.runner.AmbiguousStepDefinitionsException"><![CDATA[io.cucumber.core.runner.AmbiguousStepDefinitionsException: 
"I send a GET request to "/store/order/1" endpoint" matches more than one step definition:
  "I send a GET request to {string} endpoint" in steps.PetSteps.i_send_a_get_request_to_endpoint(java.lang.String)
  "^I send a GET request to "/store/order/(\d+)" endpoint$" in steps.StoreOrderSteps.i_send_a_get_request_to_store_order_by_id_endpoint(int)
	at io.cucumber.core.runner.CachingGlue.findStepDefinitionMatch(CachingGlue.java:406)
	at io.cucumber.core.runner.CachingGlue.stepDefinitionMatch(CachingGlue.java:374)
	at io.cucumber.core.runner.Runner.matchStepToStepDefinition(Runner.java:183)
	at io.cucumber.core.runner.Runner.createTestStepsForPickleSteps(Runner.java:163)
	at io.cucumber.core.runner.Runner.createTestCaseForPickle(Runner.java:146)
	at io.cucumber.core.runner.Runner.runPickle(Runner.java:74)
	at io.cucumber.testng.TestNGCucumberRunner.lambda$runScenario$1(TestNGCucumberRunner.java:132)
	at io.cucumber.core.runtime.CucumberExecutionContext.lambda$runTestCase$5(CucumberExecutionContext.java:137)
	at io.cucumber.core.runtime.RethrowingThrowableCollector.executeAndThrow(RethrowingThrowableCollector.java:23)
	at io.cucumber.core.runtime.CucumberExecutionContext.runTestCase(CucumberExecutionContext.java:137)
	at io.cucumber.testng.TestNGCucumberRunner.runScenario(TestNGCucumberRunner.java:129)
	at io.cucumber.testng.AbstractTestNGCucumberTests.runScenario(AbstractTestNGCucumberTests.java:35)
	at java.base/jdk.internal.reflect.NativeMethodAccessorImpl.invoke0(Native Method)
	at java.base/jdk.internal.reflect.NativeMethodAccessorImpl.invoke(NativeMethodAccessorImpl.java:62)
	at java.base/jdk.internal.reflect.DelegatingMethodAccessorImpl.invoke(DelegatingMethodAccessorImpl.java:43)
	at java.base/java.lang.reflect.Method.invoke(Method.java:566)
	at org.testng.internal.invokers.MethodInvocationHelper.invokeMethod(MethodInvocationHelper.java:139)
	at org.testng.internal.invokers.TestInvoker.invokeMethod(TestInvoker.java:664)
	at org.testng.internal.invokers.TestInvoker.invokeTestMethod(TestInvoker.java:227)
	at org.testng.internal.invokers.TestMethodWithDataProviderMethodWorker.call(TestMethodWithDataProviderMethodWorker.java:80)
	at org.testng.internal.invokers.TestMethodWithDataProviderMethodWorker.call(TestMethodWithDataProviderMethodWorker.java:17)
	at java.base/java.util.concurrent.FutureTask.run(FutureTask.java:264)
	at java.base/java.util.concurrent.Executors$RunnableAdapter.call(Executors.java:515)
	at java.base/java.util.concurrent.FutureTask.run(FutureTask.java:264)
	at java.base/java.util.concurrent.ThreadPoolExecutor.runWorker(ThreadPoolExecutor.java:1128)
	at java.base/java.util.concurrent.ThreadPoolExecutor$Worker.run(ThreadPoolExecutor.java:628)
	at java.base/java.lang.Thread.run(Thread.java:834)
]]></failure>
    <system-out><![CDATA[  When I send a GET request to "/store/inventory" endpoint                # steps.PetSteps.i_send_a_get_request_to_endpoint(java.lang.String)
  And the order should have a valid order ID                              # steps.StoreOrderSteps.the_order_should_have_a_valid_order_id()
]]></system-out>
  </testcase>
  <testcase name="runScenario[&quot;Place a new order successfully&quot;, &quot;Store Order Management API&quot;](12)" classname="runners.ApiTestRunner" time="1.284">
    <failure message="Expected status code: 200, but got: 400 expected [200] but found [400]" type="java.lang.AssertionError"><![CDATA[java.lang.AssertionError: Expected status code: 200, but got: 400 expected [200] but found [400]
	at org.testng.Assert.fail(Assert.java:111)
	at org.testng.Assert.failNotEquals(Assert.java:1578)
	at org.testng.Assert.assertEqualsImpl(Assert.java:150)
	at org.testng.Assert.assertEquals(Assert.java:132)
	at org.testng.Assert.assertEquals(Assert.java:1419)
	at org.testng.Assert.assertEquals(Assert.java:1383)
	at steps.CommonSteps.the_response_status_code_should_be(CommonSteps.java:54)
	at ✽.the response status code should be 200(file:///Users/yudhamaulanaahmad/Documents/yudha/krom/api-tests/src/test/resources/features/store_orders.feature:13)
]]></failure>
    <system-out><![CDATA[  And the order status should be "placed"                                 # steps.StoreOrderSteps.the_order_status_should_be(java.lang.String)
  Then the response status code should be 200                             # steps.CommonSteps.the_response_status_code_should_be(int)
]]></system-out>
  </testcase>
  <testcase name="runScenario[&quot;Place order with missing required fields&quot;, &quot;Store Order Management API&quot;](13)" classname="runners.ApiTestRunner" time="1.284">
    <system-out><![CDATA[API accepted incomplete order data with status 200
  And the response should contain validation error about missing fields   # steps.StoreOrderSteps.the_response_should_contain_validation_error_about_missing_fields()
]]></system-out>
  </testcase>
  <testcase name="runScenario[&quot;Place order with missing required fields&quot;, &quot;Store Order Management API&quot;](14)" classname="runners.ApiTestRunner" time="1.32">
    <system-out><![CDATA[  When I send a POST request to "/store/order" endpoint                   # steps.PetSteps.i_send_a_post_request_to_endpoint(java.lang.String)
  Then the response status code should be 400                             # steps.CommonSteps.the_response_status_code_should_be(int)
  And the response should contain validation error about missing fields   # steps.StoreOrderSteps.the_response_should_contain_validation_error_about_missing_fields()
]]></system-out>
  </testcase>
  <testcase name="runScenario[&quot;Get store inventory&quot;, &quot;Store Order Management API&quot;](15)" classname="runners.ApiTestRunner" time="1.341">
    <system-out><![CDATA[  And the response should be a JSON object                                # steps.StoreOrderSteps.the_response_should_be_a_json_object()
  And the response should contain inventory counts                        # steps.StoreOrderSteps.the_response_should_contain_inventory_counts()
]]></system-out>
  </testcase>
  <testcase name="runScenario[&quot;Place order with invalid pet ID&quot;, &quot;Store Order Management API&quot;](16)" classname="runners.ApiTestRunner" time="1.543">
    <failure message="Response does not contain order details expected [true] but found [false]" type="java.lang.AssertionError"><![CDATA[java.lang.AssertionError: Response does not contain order details expected [true] but found [false]
	at org.testng.Assert.fail(Assert.java:111)
	at org.testng.Assert.failNotEquals(Assert.java:1578)
	at org.testng.Assert.assertTrue(Assert.java:57)
	at steps.StoreOrderSteps.the_response_should_contain_order_details(StoreOrderSteps.java:106)
	at ✽.the response should contain order details(file:///Users/yudhamaulanaahmad/Documents/yudha/krom/api-tests/src/test/resources/features/store_orders.feature:38)
]]></failure>
    <system-out><![CDATA[  And the response should contain order details                           # steps.StoreOrderSteps.the_response_should_contain_order_details()
      java.lang.AssertionError: Response does not contain order details expected [true] but found [false]
	at org.testng.Assert.fail(Assert.java:111)
	at org.testng.Assert.failNotEquals(Assert.java:1578)
	at org.testng.Assert.assertTrue(Assert.java:57)
	at steps.StoreOrderSteps.the_response_should_contain_order_details(StoreOrderSteps.java:106)
	at ✽.the response should contain order details(file:///Users/yudhamaulanaahmad/Documents/yudha/krom/api-tests/src/test/resources/features/store_orders.feature:38)

]]></system-out>
  </testcase>
  <testcase name="runScenario[&quot;Upload pet image&quot;, &quot;Pet Management API&quot;](17)" classname="runners.ApiTestRunner" time="2.641">
    <failure message="src/test/resources/test-image.jpg (No such file or directory)" type="java.io.FileNotFoundException"><![CDATA[java.io.FileNotFoundException: src/test/resources/test-image.jpg (No such file or directory)
	at java.base/java.io.FileInputStream.open0(Native Method)
	at java.base/java.io.FileInputStream.open(FileInputStream.java:219)
	at java.base/java.io.FileInputStream.<init>(FileInputStream.java:157)
	at org.apache.http.entity.mime.content.FileBody.writeTo(FileBody.java:116)
	at org.apache.http.entity.mime.AbstractMultipartForm.doWriteTo(AbstractMultipartForm.java:134)
	at org.apache.http.entity.mime.AbstractMultipartForm.writeTo(AbstractMultipartForm.java:157)
	at org.apache.http.entity.mime.MultipartFormEntity.writeTo(MultipartFormEntity.java:113)
	at org.apache.http.HttpEntity$writeTo$4.call(Unknown Source)
	at io.restassured.internal.multipart.RestAssuredMultiPartEntity.writeTo(RestAssuredMultiPartEntity.groovy:110)
	at org.apache.http.entity.HttpEntityWrapper.writeTo(HttpEntityWrapper.java:96)
	at org.apache.http.impl.client.EntityEnclosingRequestWrapper$EntityWrapper.writeTo(EntityEnclosingRequestWrapper.java:110)
	at org.apache.http.impl.entity.EntitySerializer.serialize(EntitySerializer.java:118)
	at org.apache.http.impl.AbstractHttpClientConnection.sendRequestEntity(AbstractHttpClientConnection.java:274)
	at org.apache.http.impl.conn.ManagedClientConnectionImpl.sendRequestEntity(ManagedClientConnectionImpl.java:214)
	at org.apache.http.protocol.HttpRequestExecutor.doSendRequest(HttpRequestExecutor.java:238)
	at org.apache.http.protocol.HttpRequestExecutor.execute(HttpRequestExecutor.java:123)
	at org.apache.http.impl.client.DefaultRequestDirector.tryExecute(DefaultRequestDirector.java:679)
	at org.apache.http.impl.client.DefaultRequestDirector.execute(DefaultRequestDirector.java:481)
	at org.apache.http.impl.client.AbstractHttpClient.doExecute(AbstractHttpClient.java:835)
	at org.apache.http.impl.client.CloseableHttpClient.execute(CloseableHttpClient.java:83)
	at io.restassured.internal.RestAssuredHttpBuilder.doRequest(RestAssuredHttpBuilder.java:141)
	at io.restassured.internal.http.HTTPBuilder.post(HTTPBuilder.java:349)
	at io.restassured.internal.http.HTTPBuilder$post$17.call(Unknown Source)
	at io.restassured.internal.RequestSpecificationImpl.sendRequest(RequestSpecificationImpl.groovy:1209)
	at io.restassured.internal.RequestSpecificationImpl.this$2$sendRequest(RequestSpecificationImpl.groovy)
	at java.base/jdk.internal.reflect.NativeMethodAccessorImpl.invoke0(Native Method)
	at java.base/jdk.internal.reflect.NativeMethodAccessorImpl.invoke(NativeMethodAccessorImpl.java:62)
	at java.base/jdk.internal.reflect.DelegatingMethodAccessorImpl.invoke(DelegatingMethodAccessorImpl.java:43)
	at java.base/java.lang.reflect.Method.invoke(Method.java:566)
	at org.codehaus.groovy.reflection.CachedMethod.invoke(CachedMethod.java:343)
	at groovy.lang.MetaMethod.doMethodInvoke(MetaMethod.java:328)
	at groovy.lang.MetaClassImpl.doInvokeMethod(MetaClassImpl.java:1331)
	at groovy.lang.MetaClassImpl.invokeMethod(MetaClassImpl.java:1086)
	at groovy.lang.MetaClassImpl.invokeMethod(MetaClassImpl.java:1006)
	at groovy.lang.MetaClassImpl.invokeMethod(MetaClassImpl.java:789)
	at io.restassured.internal.RequestSpecificationImpl.invokeMethod(RequestSpecificationImpl.groovy)
	at org.codehaus.groovy.runtime.callsite.PogoInterceptableSite.call(PogoInterceptableSite.java:46)
	at org.codehaus.groovy.runtime.callsite.AbstractCallSite.call(AbstractCallSite.java:166)
	at io.restassured.internal.filter.SendRequestFilter.filter(SendRequestFilter.groovy:30)
	at io.restassured.filter.Filter$filter$1.call(Unknown Source)
	at org.codehaus.groovy.runtime.callsite.CallSiteArray.defaultCall(CallSiteArray.java:45)
	at io.restassured.filter.Filter$filter$5.call(Unknown Source)
	at io.restassured.internal.filter.FilterContextImpl.next(FilterContextImpl.groovy:72)
	at io.restassured.filter.time.TimingFilter.filter(TimingFilter.java:56)
	at io.restassured.filter.Filter$filter$5.call(Unknown Source)
	at org.codehaus.groovy.runtime.callsite.CallSiteArray.defaultCall(CallSiteArray.java:45)
	at io.restassured.filter.Filter$filter$1.call(Unknown Source)
	at io.restassured.internal.filter.FilterContextImpl.next(FilterContextImpl.groovy:72)
	at io.restassured.filter.FilterContext$next$0.call(Unknown Source)
	at io.restassured.internal.filter.CsrfFilter.filter(CsrfFilter.groovy:70)
	at io.restassured.filter.Filter$filter$1.call(Unknown Source)
	at org.codehaus.groovy.runtime.callsite.CallSiteArray.defaultCall(CallSiteArray.java:45)
	at io.restassured.filter.Filter$filter$1.call(Unknown Source)
	at io.restassured.internal.filter.FilterContextImpl.next(FilterContextImpl.groovy:72)
	at io.restassured.filter.FilterContext$next$0.call(Unknown Source)
	at io.restassured.internal.RequestSpecificationImpl.applyPathParamsAndSendRequest(RequestSpecificationImpl.groovy:1704)
	at io.restassured.internal.RequestSpecificationImpl.this$2$applyPathParamsAndSendRequest(RequestSpecificationImpl.groovy)
	at java.base/jdk.internal.reflect.NativeMethodAccessorImpl.invoke0(Native Method)
	at java.base/jdk.internal.reflect.NativeMethodAccessorImpl.invoke(NativeMethodAccessorImpl.java:62)
	at java.base/jdk.internal.reflect.DelegatingMethodAccessorImpl.invoke(DelegatingMethodAccessorImpl.java:43)
	at java.base/java.lang.reflect.Method.invoke(Method.java:566)
	at org.codehaus.groovy.reflection.CachedMethod.invoke(CachedMethod.java:343)
	at groovy.lang.MetaMethod.doMethodInvoke(MetaMethod.java:328)
	at groovy.lang.MetaClassImpl.doInvokeMethod(MetaClassImpl.java:1331)
	at groovy.lang.MetaClassImpl.invokeMethod(MetaClassImpl.java:1086)
	at groovy.lang.MetaClassImpl.invokeMethod(MetaClassImpl.java:1006)
	at groovy.lang.MetaClassImpl.invokeMethod(MetaClassImpl.java:789)
	at io.restassured.internal.RequestSpecificationImpl.invokeMethod(RequestSpecificationImpl.groovy)
	at org.codehaus.groovy.runtime.callsite.PogoInterceptableSite.call(PogoInterceptableSite.java:46)
	at org.codehaus.groovy.runtime.callsite.PogoInterceptableSite.callCurrent(PogoInterceptableSite.java:57)
	at org.codehaus.groovy.runtime.callsite.AbstractCallSite.callCurrent(AbstractCallSite.java:203)
	at io.restassured.internal.RequestSpecificationImpl.applyPathParamsAndSendRequest(RequestSpecificationImpl.groovy:1710)
	at io.restassured.internal.RequestSpecificationImpl.this$2$applyPathParamsAndSendRequest(RequestSpecificationImpl.groovy)
	at java.base/jdk.internal.reflect.NativeMethodAccessorImpl.invoke0(Native Method)
	at java.base/jdk.internal.reflect.NativeMethodAccessorImpl.invoke(NativeMethodAccessorImpl.java:62)
	at java.base/jdk.internal.reflect.DelegatingMethodAccessorImpl.invoke(DelegatingMethodAccessorImpl.java:43)
	at java.base/java.lang.reflect.Method.invoke(Method.java:566)
	at org.codehaus.groovy.reflection.CachedMethod.invoke(CachedMethod.java:343)
	at groovy.lang.MetaMethod.doMethodInvoke(MetaMethod.java:328)
	at groovy.lang.MetaClassImpl.doInvokeMethod(MetaClassImpl.java:1331)
	at groovy.lang.MetaClassImpl.invokeMethod(MetaClassImpl.java:1086)
	at groovy.lang.MetaClassImpl.invokeMethod(MetaClassImpl.java:1006)
	at groovy.lang.MetaClassImpl.invokeMethod(MetaClassImpl.java:789)
	at io.restassured.internal.RequestSpecificationImpl.invokeMethod(RequestSpecificationImpl.groovy)
	at org.codehaus.groovy.runtime.callsite.PogoInterceptableSite.call(PogoInterceptableSite.java:46)
	at org.codehaus.groovy.runtime.callsite.PogoInterceptableSite.callCurrent(PogoInterceptableSite.java:57)
	at org.codehaus.groovy.runtime.callsite.AbstractCallSite.callCurrent(AbstractCallSite.java:203)
	at io.restassured.internal.RequestSpecificationImpl.post(RequestSpecificationImpl.groovy:176)
	at io.restassured.internal.RequestSpecificationImpl.post(RequestSpecificationImpl.groovy)
	at steps.PetSteps.i_send_a_post_request_to_with_the_image(PetSteps.java:128)
	at ✽.I send a POST request to "/pet/1/uploadImage" with the image(file:///Users/yudhamaulanaahmad/Documents/yudha/krom/api-tests/src/test/resources/features/pet_management.feature:46)
]]></failure>
    <system-out><![CDATA[  Given pets exist with status "available"                                 # steps.PetSteps.pets_exist_with_status(java.lang.String)
  When I send a POST request to "/pet/1/uploadImage" with the image       # steps.PetSteps.i_send_a_post_request_to_with_the_image(java.lang.String)
      java.io.FileNotFoundException: src/test/resources/test-image.jpg (No such file or directory)
	at java.base/java.io.FileInputStream.open0(Native Method)
	at java.base/java.io.FileInputStream.open(FileInputStream.java:219)
	at java.base/java.io.FileInputStream.<init>(FileInputStream.java:157)
	at org.apache.http.entity.mime.content.FileBody.writeTo(FileBody.java:116)
	at org.apache.http.entity.mime.AbstractMultipartForm.doWriteTo(AbstractMultipartForm.java:134)
	at org.apache.http.entity.mime.AbstractMultipartForm.writeTo(AbstractMultipartForm.java:157)
	at org.apache.http.entity.mime.MultipartFormEntity.writeTo(MultipartFormEntity.java:113)
	at org.apache.http.HttpEntity$writeTo$4.call(Unknown Source)
	at io.restassured.internal.multipart.RestAssuredMultiPartEntity.writeTo(RestAssuredMultiPartEntity.groovy:110)
	at org.apache.http.entity.HttpEntityWrapper.writeTo(HttpEntityWrapper.java:96)
	at org.apache.http.impl.client.EntityEnclosingRequestWrapper$EntityWrapper.writeTo(EntityEnclosingRequestWrapper.java:110)
	at org.apache.http.impl.entity.EntitySerializer.serialize(EntitySerializer.java:118)
	at org.apache.http.impl.AbstractHttpClientConnection.sendRequestEntity(AbstractHttpClientConnection.java:274)
	at org.apache.http.impl.conn.ManagedClientConnectionImpl.sendRequestEntity(ManagedClientConnectionImpl.java:214)
	at org.apache.http.protocol.HttpRequestExecutor.doSendRequest(HttpRequestExecutor.java:238)
	at org.apache.http.protocol.HttpRequestExecutor.execute(HttpRequestExecutor.java:123)
	at org.apache.http.impl.client.DefaultRequestDirector.tryExecute(DefaultRequestDirector.java:679)
	at org.apache.http.impl.client.DefaultRequestDirector.execute(DefaultRequestDirector.java:481)
	at org.apache.http.impl.client.AbstractHttpClient.doExecute(AbstractHttpClient.java:835)
	at org.apache.http.impl.client.CloseableHttpClient.execute(CloseableHttpClient.java:83)
	at io.restassured.internal.RestAssuredHttpBuilder.doRequest(RestAssuredHttpBuilder.java:141)
	at io.restassured.internal.http.HTTPBuilder.post(HTTPBuilder.java:349)
	at io.restassured.internal.http.HTTPBuilder$post$17.call(Unknown Source)
	at io.restassured.internal.RequestSpecificationImpl.sendRequest(RequestSpecificationImpl.groovy:1209)
	at io.restassured.internal.RequestSpecificationImpl.this$2$sendRequest(RequestSpecificationImpl.groovy)
	at java.base/jdk.internal.reflect.NativeMethodAccessorImpl.invoke0(Native Method)
	at java.base/jdk.internal.reflect.NativeMethodAccessorImpl.invoke(NativeMethodAccessorImpl.java:62)
	at java.base/jdk.internal.reflect.DelegatingMethodAccessorImpl.invoke(DelegatingMethodAccessorImpl.java:43)
	at java.base/java.lang.reflect.Method.invoke(Method.java:566)
	at org.codehaus.groovy.reflection.CachedMethod.invoke(CachedMethod.java:343)
	at groovy.lang.MetaMethod.doMethodInvoke(MetaMethod.java:328)
	at groovy.lang.MetaClassImpl.doInvokeMethod(MetaClassImpl.java:1331)
	at groovy.lang.MetaClassImpl.invokeMethod(MetaClassImpl.java:1086)
	at groovy.lang.MetaClassImpl.invokeMethod(MetaClassImpl.java:1006)
	at groovy.lang.MetaClassImpl.invokeMethod(MetaClassImpl.java:789)
	at io.restassured.internal.RequestSpecificationImpl.invokeMethod(RequestSpecificationImpl.groovy)
	at org.codehaus.groovy.runtime.callsite.PogoInterceptableSite.call(PogoInterceptableSite.java:46)
	at org.codehaus.groovy.runtime.callsite.AbstractCallSite.call(AbstractCallSite.java:166)
	at io.restassured.internal.filter.SendRequestFilter.filter(SendRequestFilter.groovy:30)
	at io.restassured.filter.Filter$filter$1.call(Unknown Source)
	at org.codehaus.groovy.runtime.callsite.CallSiteArray.defaultCall(CallSiteArray.java:45)
	at io.restassured.filter.Filter$filter$5.call(Unknown Source)
	at io.restassured.internal.filter.FilterContextImpl.next(FilterContextImpl.groovy:72)
	at io.restassured.filter.time.TimingFilter.filter(TimingFilter.java:56)
	at io.restassured.filter.Filter$filter$5.call(Unknown Source)
	at org.codehaus.groovy.runtime.callsite.CallSiteArray.defaultCall(CallSiteArray.java:45)
	at io.restassured.filter.Filter$filter$1.call(Unknown Source)
	at io.restassured.internal.filter.FilterContextImpl.next(FilterContextImpl.groovy:72)
	at io.restassured.filter.FilterContext$next$0.call(Unknown Source)
	at io.restassured.internal.filter.CsrfFilter.filter(CsrfFilter.groovy:70)
	at io.restassured.filter.Filter$filter$1.call(Unknown Source)
	at org.codehaus.groovy.runtime.callsite.CallSiteArray.defaultCall(CallSiteArray.java:45)
	at io.restassured.filter.Filter$filter$1.call(Unknown Source)
	at io.restassured.internal.filter.FilterContextImpl.next(FilterContextImpl.groovy:72)
	at io.restassured.filter.FilterContext$next$0.call(Unknown Source)
	at io.restassured.internal.RequestSpecificationImpl.applyPathParamsAndSendRequest(RequestSpecificationImpl.groovy:1704)
	at io.restassured.internal.RequestSpecificationImpl.this$2$applyPathParamsAndSendRequest(RequestSpecificationImpl.groovy)
	at java.base/jdk.internal.reflect.NativeMethodAccessorImpl.invoke0(Native Method)
	at java.base/jdk.internal.reflect.NativeMethodAccessorImpl.invoke(NativeMethodAccessorImpl.java:62)
	at java.base/jdk.internal.reflect.DelegatingMethodAccessorImpl.invoke(DelegatingMethodAccessorImpl.java:43)
	at java.base/java.lang.reflect.Method.invoke(Method.java:566)
	at org.codehaus.groovy.reflection.CachedMethod.invoke(CachedMethod.java:343)
	at groovy.lang.MetaMethod.doMethodInvoke(MetaMethod.java:328)
	at groovy.lang.MetaClassImpl.doInvokeMethod(MetaClassImpl.java:1331)
	at groovy.lang.MetaClassImpl.invokeMethod(MetaClassImpl.java:1086)
	at groovy.lang.MetaClassImpl.invokeMethod(MetaClassImpl.java:1006)
	at groovy.lang.MetaClassImpl.invokeMethod(MetaClassImpl.java:789)
	at io.restassured.internal.RequestSpecificationImpl.invokeMethod(RequestSpecificationImpl.groovy)
	at org.codehaus.groovy.runtime.callsite.PogoInterceptableSite.call(PogoInterceptableSite.java:46)
	at org.codehaus.groovy.runtime.callsite.PogoInterceptableSite.callCurrent(PogoInterceptableSite.java:57)
	at org.codehaus.groovy.runtime.callsite.AbstractCallSite.callCurrent(AbstractCallSite.java:203)
	at io.restassured.internal.RequestSpecificationImpl.applyPathParamsAndSendRequest(RequestSpecificationImpl.groovy:1710)
	at io.restassured.internal.RequestSpecificationImpl.this$2$applyPathParamsAndSendRequest(RequestSpecificationImpl.groovy)
	at java.base/jdk.internal.reflect.NativeMethodAccessorImpl.invoke0(Native Method)
	at java.base/jdk.internal.reflect.NativeMethodAccessorImpl.invoke(NativeMethodAccessorImpl.java:62)
	at java.base/jdk.internal.reflect.DelegatingMethodAccessorImpl.invoke(DelegatingMethodAccessorImpl.java:43)
	at java.base/java.lang.reflect.Method.invoke(Method.java:566)
	at org.codehaus.groovy.reflection.CachedMethod.invoke(CachedMethod.java:343)
	at groovy.lang.MetaMethod.doMethodInvoke(MetaMethod.java:328)
	at groovy.lang.MetaClassImpl.doInvokeMethod(MetaClassImpl.java:1331)
	at groovy.lang.MetaClassImpl.invokeMethod(MetaClassImpl.java:1086)
	at groovy.lang.MetaClassImpl.invokeMethod(MetaClassImpl.java:1006)
	at groovy.lang.MetaClassImpl.invokeMethod(MetaClassImpl.java:789)
	at io.restassured.internal.RequestSpecificationImpl.invokeMethod(RequestSpecificationImpl.groovy)
	at org.codehaus.groovy.runtime.callsite.PogoInterceptableSite.call(PogoInterceptableSite.java:46)
	at org.codehaus.groovy.runtime.callsite.PogoInterceptableSite.callCurrent(PogoInterceptableSite.java:57)
	at org.codehaus.groovy.runtime.callsite.AbstractCallSite.callCurrent(AbstractCallSite.java:203)
	at io.restassured.internal.RequestSpecificationImpl.post(RequestSpecificationImpl.groovy:176)
	at io.restassured.internal.RequestSpecificationImpl.post(RequestSpecificationImpl.groovy)
	at steps.PetSteps.i_send_a_post_request_to_with_the_image(PetSteps.java:128)
	at ✽.I send a POST request to "/pet/1/uploadImage" with the image(file:///Users/yudhamaulanaahmad/Documents/yudha/krom/api-tests/src/test/resources/features/pet_management.feature:46)

  Then the response status code should be 200                             # steps.CommonSteps.the_response_status_code_should_be(int)
  And the response should contain upload confirmation message             # steps.PetSteps.the_response_should_contain_upload_confirmation_message()
]]></system-out>
    <system-err><![CDATA[Aug 31, 2025 7:34:54 PM org.apache.http.impl.client.DefaultHttpClient tryExecute
INFO: I/O exception (java.io.FileNotFoundException) caught when processing request to {s}->https://petstore.swagger.io:443: src/test/resources/test-image.jpg (No such file or directory)
Aug 31, 2025 7:34:54 PM org.apache.http.impl.client.DefaultHttpClient tryExecute
INFO: Retrying request to {s}->https://petstore.swagger.io:443
Aug 31, 2025 7:34:55 PM org.apache.http.impl.client.DefaultHttpClient tryExecute
INFO: I/O exception (java.io.FileNotFoundException) caught when processing request to {s}->https://petstore.swagger.io:443: src/test/resources/test-image.jpg (No such file or directory)
Aug 31, 2025 7:34:55 PM org.apache.http.impl.client.DefaultHttpClient tryExecute
INFO: Retrying request to {s}->https://petstore.swagger.io:443
]]></system-err>
  </testcase>
  <testcase name="runScenario[&quot;Find pets by status&quot;, &quot;Pet Management API&quot;](18)" classname="runners.ApiTestRunner" time="4.481">
    <system-out><![CDATA[  When I send a GET request to "/pet/findByStatus" with status "available" # steps.PetSteps.i_send_a_get_request_to_with_status(java.lang.String,java.lang.String)
  Then the response status code should be 200                              # steps.CommonSteps.the_response_status_code_should_be(int)
  And the response should be an array                                      # steps.PetSteps.the_response_should_be_an_array()
  And all pets in response should have status "available"                  # steps.PetSteps.all_pets_in_response_should_have_status(java.lang.String)
]]></system-out>
  </testcase>
</testsuite>